Using pre-set license
Built from '2020.3/release' branch; Version is '2020.3.7f1 (dd97f2c94397) revision 14522354'; Using compiler version '192528614'; Build Type 'Release'
OS: 'Windows 10 Home; OS build 19041.1110; Version 2004; 64bit' Language: 'he' Physical Memory: 32699 MB
BatchMode: 1, IsHumanControllingUs: 0, StartBugReporterOnCrash: 0, Is64bit: 1, IsPro: 0

 COMMAND LINE ARGUMENTS:
C:\unityversions\2020.3.7f1\Editor\Unity.exe
-adb2
-batchMode
-noUpm
-name
AssetImportWorker0
-projectPath
C:/Users/Public/UnityProj/Data-Persistence-Project
-logFile
Logs/AssetImportWorker0.log
-srvPort
59173
Successfully changed project path to: C:/Users/Public/UnityProj/Data-Persistence-Project
C:/Users/Public/UnityProj/Data-Persistence-Project
Using Asset Import Pipeline V2.
Refreshing native plugins compatible for Editor in 33.51 ms, found 0 plugins.
Preloading 0 native plugins for Editor in 0.00 ms.
Initialize engine version: 2020.3.7f1 (dd97f2c94397)
[Subsystems] Discovering subsystems at path C:/unityversions/2020.3.7f1/Editor/Data/Resources/UnitySubsystems
[Subsystems] Discovering subsystems at path C:/Users/Public/UnityProj/Data-Persistence-Project/Assets
GfxDevice: creating device client; threaded=0
Direct3D:
    Version:  Direct3D 11.0 [level 11.1]
    Renderer: NVIDIA GeForce GTX 1660 (ID=0x2184)
    Vendor:   
    VRAM:     5991 MB
    Driver:   30.0.14.7111
Shader 'Universal Render Pipeline/Particles/Lit': fallback shader 'Universal Render Pipeline/Particles/SimpleLit' not found
Initialize mono
Mono path[0] = 'C:/unityversions/2020.3.7f1/Editor/Data/Managed'
Mono path[1] = 'C:/unityversions/2020.3.7f1/Editor/Data/MonoBleedingEdge/lib/mono/unityjit'
Mono config path = 'C:/unityversions/2020.3.7f1/Editor/Data/MonoBleedingEdge/etc'
Using monoOptions --debugger-agent=transport=dt_socket,embedding=1,server=y,suspend=n,address=127.0.0.1:56676
Begin MonoManager ReloadAssembly
Registering precompiled unity dll's ...
Register platform support module: C:/unityversions/2020.3.7f1/Editor/Data/PlaybackEngines/WebGLSupport/UnityEditor.WebGL.Extensions.dll
Register platform support module: C:/unityversions/2020.3.7f1/Editor/Data/PlaybackEngines/WindowsStandaloneSupport/UnityEditor.WindowsStandalone.Extensions.dll
Registered in 0.001881 seconds.
Native extension for WindowsStandalone target not found
Native extension for WebGL target not found
Refreshing native plugins compatible for Editor in 36.36 ms, found 0 plugins.
Preloading 0 native plugins for Editor in 0.00 ms.
Mono: successfully reloaded assembly
- Completed reload, in  1.799 seconds
Platform modules already initialized, skipping
Registering precompiled user dll's ...
Registered in 0.001366 seconds.
Begin MonoManager ReloadAssembly
Native extension for WindowsStandalone target not found
Native extension for WebGL target not found
Refreshing native plugins compatible for Editor in 35.95 ms, found 0 plugins.
Preloading 0 native plugins for Editor in 0.00 ms.
Mono: successfully reloaded assembly
- Completed reload, in  0.780 seconds
Platform modules already initialized, skipping
========================================================================
Worker process is ready to serve import requests
Shader 'Universal Render Pipeline/Particles/Lit': fallback shader 'Universal Render Pipeline/Particles/SimpleLit' not found
Launched and connected shader compiler UnityShaderCompiler.exe after 0.57 seconds
Refreshing native plugins compatible for Editor in 0.40 ms, found 0 plugins.
Preloading 0 native plugins for Editor in 0.00 ms.
Unloading 2505 Unused Serialized files (Serialized files now loaded: 0)
System memory in use before: 118.2 MB.
System memory in use after: 118.3 MB.

Unloading 11 unused Assets to reduce memory usage. Loaded Objects now: 2945.
Total: 2.193000 ms (FindLiveObjects: 0.322700 ms CreateObjectMapping: 0.142300 ms MarkObjects: 1.666100 ms  DeleteObjects: 0.060500 ms)

========================================================================
Received Import Request.
  path: Assets/Scenes
  artifactKey: Guid(b3d8a22b2eaae1048a5db3be5ce09cb2) Importer(815301076,1909f56bfc062723c751e8b465ee728b)
Start importing Assets/Scenes using Guid(b3d8a22b2eaae1048a5db3be5ce09cb2) Importer(815301076,1909f56bfc062723c751e8b465ee728b)  -> (artifact id: '0604cefb0a54639970fa5890cc979d79') in 0.009724 seconds
  Import took 0.013529 seconds .

========================================================================
Received Import Request.
  Time since last request: 0.000252 seconds.
  path: Assets/Scenes/Menu.unity
  artifactKey: Guid(3dedfc5231a848d47b38894a92b1fc16) Importer(815301076,1909f56bfc062723c751e8b465ee728b)
Start importing Assets/Scenes/Menu.unity using Guid(3dedfc5231a848d47b38894a92b1fc16) Importer(815301076,1909f56bfc062723c751e8b465ee728b)  -> (artifact id: '4c696f6fe926b4042a812f208f9e8e08') in 0.014923 seconds
  Import took 0.018377 seconds .

========================================================================
Received Import Request.
  Time since last request: 0.002152 seconds.
  path: Assets/Scenes/Menu.unity
  artifactKey: Guid(3dedfc5231a848d47b38894a92b1fc16) Importer(815301076,1909f56bfc062723c751e8b465ee728b)
Start importing Assets/Scenes/Menu.unity using Guid(3dedfc5231a848d47b38894a92b1fc16) Importer(815301076,1909f56bfc062723c751e8b465ee728b)  -> (artifact id: '4c696f6fe926b4042a812f208f9e8e08') in 0.001828 seconds
  Import took 0.004819 seconds .

========================================================================
Received Prepare
Shader 'Universal Render Pipeline/Particles/Lit': fallback shader 'Universal Render Pipeline/Particles/SimpleLit' not found
Refreshing native plugins compatible for Editor in 1.11 ms, found 0 plugins.
Preloading 0 native plugins for Editor in 0.00 ms.
Unloading 4 Unused Serialized files (Serialized files now loaded: 0)
System memory in use before: 61.2 MB.
System memory in use after: 61.4 MB.

Unloading 4 unused Assets to reduce memory usage. Loaded Objects now: 2945.
Total: 2.522100 ms (FindLiveObjects: 0.267100 ms CreateObjectMapping: 0.101200 ms MarkObjects: 2.141500 ms  DeleteObjects: 0.011600 ms)

========================================================================
Received Prepare
Shader 'Universal Render Pipeline/Particles/Lit': fallback shader 'Universal Render Pipeline/Particles/SimpleLit' not found
Refreshing native plugins compatible for Editor in 1.03 ms, found 0 plugins.
Preloading 0 native plugins for Editor in 0.00 ms.
Unloading 4 Unused Serialized files (Serialized files now loaded: 0)
System memory in use before: 61.2 MB.
System memory in use after: 61.4 MB.

Unloading 4 unused Assets to reduce memory usage. Loaded Objects now: 2945.
Total: 2.646900 ms (FindLiveObjects: 0.312400 ms CreateObjectMapping: 0.144100 ms MarkObjects: 2.175200 ms  DeleteObjects: 0.014600 ms)

========================================================================
Received Prepare
Shader 'Universal Render Pipeline/Particles/Lit': fallback shader 'Universal Render Pipeline/Particles/SimpleLit' not found
Refreshing native plugins compatible for Editor in 1.06 ms, found 0 plugins.
Preloading 0 native plugins for Editor in 0.00 ms.
Unloading 4 Unused Serialized files (Serialized files now loaded: 0)
System memory in use before: 61.2 MB.
System memory in use after: 61.4 MB.

Unloading 4 unused Assets to reduce memory usage. Loaded Objects now: 2945.
Total: 2.182300 ms (FindLiveObjects: 0.266800 ms CreateObjectMapping: 0.102300 ms MarkObjects: 1.800900 ms  DeleteObjects: 0.011000 ms)

========================================================================
Received Prepare
Registering precompiled user dll's ...
Registered in 0.001386 seconds.
Begin MonoManager ReloadAssembly
Native extension for WindowsStandalone target not found
Native extension for WebGL target not found
Refreshing native plugins compatible for Editor in 0.37 ms, found 0 plugins.
Preloading 0 native plugins for Editor in 0.00 ms.
Mono: successfully reloaded assembly
- Completed reload, in  0.698 seconds
Platform modules already initialized, skipping
Shader 'Universal Render Pipeline/Particles/Lit': fallback shader 'Universal Render Pipeline/Particles/SimpleLit' not found
Refreshing native plugins compatible for Editor in 0.36 ms, found 0 plugins.
Preloading 0 native plugins for Editor in 0.00 ms.
Unloading 2383 Unused Serialized files (Serialized files now loaded: 0)
System memory in use before: 108.5 MB.
System memory in use after: 108.8 MB.

Unloading 6 unused Assets to reduce memory usage. Loaded Objects now: 2948.
Total: 6.131600 ms (FindLiveObjects: 0.636900 ms CreateObjectMapping: 0.389200 ms MarkObjects: 5.069500 ms  DeleteObjects: 0.031700 ms)

